[Thu Aug 25 13:32:30 2022] running mktexlsr
[Thu Aug 25 13:32:30 2022] success, output:
mktexlsr: Updating /home/waov2/texlive/texmf-config/ls-R... 
mktexlsr: Updating /home/waov2/texlive/texmf-dist/ls-R... 
mktexlsr: Updating /home/waov2/texlive/texmf-local/ls-R... 
mktexlsr: Updating /home/waov2/texlive/texmf-var/ls-R... 
mktexlsr: Done.
--end of output of mktexlsr.

[Fri Aug 26 14:59:18 2022] running mktexlsr
[Fri Aug 26 14:59:18 2022] success, output:
mktexlsr: Updating /home/waov2/texlive/texmf-config/ls-R... 
mktexlsr: Updating /home/waov2/texlive/texmf-dist/ls-R... 
mktexlsr: Updating /home/waov2/texlive/texmf-local/ls-R... 
mktexlsr: Updating /home/waov2/texlive/texmf-var/ls-R... 
mktexlsr: Done.
--end of output of mktexlsr.

[Fri Aug 26 14:59:33 2022] running mktexlsr
[Fri Aug 26 14:59:33 2022] success, output:
mktexlsr: Updating /home/waov2/texlive/texmf-config/ls-R... 
mktexlsr: Updating /home/waov2/texlive/texmf-dist/ls-R... 
mktexlsr: Updating /home/waov2/texlive/texmf-local/ls-R... 
mktexlsr: Updating /home/waov2/texlive/texmf-var/ls-R... 
mktexlsr: Done.
--end of output of mktexlsr.

